<?xml version="1.0" encoding="UTF-8"?>
<!-- Generated by org.testng.reporters.JUnitXMLReporter -->
<testsuite ignored="11" hostname="DESKTOP-NUST68L" failures="2" tests="2" name="Test" time="0.063" errors="0" timestamp="2025-05-29T17:36:30 IST">
  <testcase classname="testngframework.J_TestNG_Testcase_Run_Groups" name="redmine1" time="0.01">
    <failure type="java.lang.NullPointerException" message="Cannot invoke &amp;quot;org.openqa.selenium.WebDriver.get(String)&amp;quot; because &amp;quot;this.driver&amp;quot; is null">
      <![CDATA[java.lang.NullPointerException: Cannot invoke "org.openqa.selenium.WebDriver.get(String)" because "this.driver" is null
at testngframework.J_TestNG_Testcase_Run_Groups.redmine1(J_TestNG_Testcase_Run_Groups.java:33)
at java.base/java.util.ArrayList.forEach(ArrayList.java:1596)
... Removed 25 stack frames]]>
    </failure>
  </testcase> <!-- redmine1 -->
  <testcase classname="testngframework.J_TestNG_Testcase_Run_Groups" name="swiggy" time="0.001">
    <failure type="java.lang.NullPointerException" message="Cannot invoke &amp;quot;org.openqa.selenium.WebDriver.get(String)&amp;quot; because &amp;quot;this.driver&amp;quot; is null">
      <![CDATA[java.lang.NullPointerException: Cannot invoke "org.openqa.selenium.WebDriver.get(String)" because "this.driver" is null
at testngframework.J_TestNG_Testcase_Run_Groups.swiggy(J_TestNG_Testcase_Run_Groups.java:13)
at java.base/java.util.ArrayList.forEach(ArrayList.java:1596)
... Removed 25 stack frames]]>
    </failure>
  </testcase> <!-- swiggy -->
  <testcase classname="testngframework.J_TestNG_Testcase_Run_Groups" name="redmine" time="0.0">
    <ignored/>
  </testcase> <!-- redmine -->
  <testcase classname="testngframework.J_TestNG_Testcase_Run_Groups" name="mantisbt" time="0.0">
    <ignored/>
  </testcase> <!-- mantisbt -->
  <testcase classname="testngframework.J_TestNG_Testcase_Run_Groups" name="ndtv" time="0.0">
    <ignored/>
  </testcase> <!-- ndtv -->
  <testcase classname="testngframework.J_TestNG_Testcase_Run_Groups" name="facebook" time="0.0">
    <ignored/>
  </testcase> <!-- facebook -->
  <testcase classname="testngframework.J_TestNG_Testcase_Run_Groups" name="yahoo" time="0.0">
    <ignored/>
  </testcase> <!-- yahoo -->
  <testcase classname="testngframework.J_TestNG_Testcase_Run_Groups" name="jira" time="0.0">
    <ignored/>
  </testcase> <!-- jira -->
  <testcase classname="testngframework.J_TestNG_Testcase_Run_Groups" name="twitter" time="0.0">
    <ignored/>
  </testcase> <!-- twitter -->
  <testcase classname="testngframework.J_TestNG_Testcase_Run_Groups" name="selenium" time="0.0">
    <ignored/>
  </testcase> <!-- selenium -->
  <testcase classname="testngframework.J_TestNG_Testcase_Run_Groups" name="google" time="0.0">
    <ignored/>
  </testcase> <!-- google -->
  <testcase classname="testngframework.J_TestNG_Testcase_Run_Groups" name="gmail" time="0.0">
    <ignored/>
  </testcase> <!-- gmail -->
  <testcase classname="testngframework.J_TestNG_Testcase_Run_Groups" name="bugzilla" time="0.0">
    <ignored/>
  </testcase> <!-- bugzilla -->
</testsuite> <!-- Test -->
